{"D:\\Tutto\\Università\\Magistrale\\Secondo anno\\Softeng 2\\05-Office-Queue\\server\\db.mjs": {"path":"D:\\Tutto\\Università\\Magistrale\\Secondo anno\\Softeng 2\\05-Office-Queue\\server\\db.mjs","all":false,"statementMap":{"0":{"start":{"line":1,"column":0},"end":{"line":1,"column":29}},"1":{"start":{"line":2,"column":0},"end":{"line":2,"column":38}},"2":{"start":{"line":3,"column":0},"end":{"line":3,"column":0}},"3":{"start":{"line":4,"column":0},"end":{"line":4,"column":27}},"4":{"start":{"line":5,"column":0},"end":{"line":5,"column":64}},"5":{"start":{"line":6,"column":0},"end":{"line":6,"column":36}},"6":{"start":{"line":7,"column":0},"end":{"line":7,"column":0}},"7":{"start":{"line":8,"column":0},"end":{"line":8,"column":27}},"8":{"start":{"line":9,"column":0},"end":{"line":9,"column":33}},"9":{"start":{"line":10,"column":0},"end":{"line":10,"column":20}},"10":{"start":{"line":11,"column":0},"end":{"line":11,"column":52}},"11":{"start":{"line":12,"column":0},"end":{"line":12,"column":38}},"12":{"start":{"line":13,"column":0},"end":{"line":13,"column":3}},"13":{"start":{"line":14,"column":0},"end":{"line":14,"column":0}},"14":{"start":{"line":15,"column":0},"end":{"line":15,"column":25}}},"s":{"0":1,"1":1,"2":1,"3":1,"4":1,"5":1,"6":1,"7":1,"8":1,"9":1,"10":1,"11":1,"12":1,"13":1,"14":1},"branchMap":{"0":{"type":"branch","line":6,"loc":{"start":{"line":6,"column":3},"end":{"line":6,"column":35}},"locations":[{"start":{"line":6,"column":3},"end":{"line":6,"column":35}}]},"1":{"type":"branch","line":6,"loc":{"start":{"line":6,"column":22},"end":{"line":6,"column":33}},"locations":[{"start":{"line":6,"column":22},"end":{"line":6,"column":33}}]}},"b":{"0":[1],"1":[0]},"fnMap":{},"f":{}}
,"D:\\Tutto\\Università\\Magistrale\\Secondo anno\\Softeng 2\\05-Office-Queue\\server\\dao\\counterDao.mjs": {"path":"D:\\Tutto\\Università\\Magistrale\\Secondo anno\\Softeng 2\\05-Office-Queue\\server\\dao\\counterDao.mjs","all":false,"statementMap":{"0":{"start":{"line":1,"column":0},"end":{"line":1,"column":44}},"1":{"start":{"line":2,"column":0},"end":{"line":2,"column":44}},"2":{"start":{"line":3,"column":0},"end":{"line":3,"column":42}},"3":{"start":{"line":4,"column":0},"end":{"line":4,"column":0}},"4":{"start":{"line":5,"column":0},"end":{"line":5,"column":18}},"5":{"start":{"line":6,"column":0},"end":{"line":6,"column":46}},"6":{"start":{"line":7,"column":0},"end":{"line":7,"column":35}},"7":{"start":{"line":8,"column":0},"end":{"line":8,"column":13}},"8":{"start":{"line":9,"column":0},"end":{"line":9,"column":52}},"9":{"start":{"line":10,"column":0},"end":{"line":10,"column":45}},"10":{"start":{"line":11,"column":0},"end":{"line":11,"column":15}},"11":{"start":{"line":12,"column":0},"end":{"line":12,"column":28}},"12":{"start":{"line":13,"column":0},"end":{"line":13,"column":25}},"13":{"start":{"line":14,"column":0},"end":{"line":14,"column":24}},"14":{"start":{"line":15,"column":0},"end":{"line":15,"column":9}},"15":{"start":{"line":16,"column":0},"end":{"line":16,"column":5}},"16":{"start":{"line":17,"column":0},"end":{"line":17,"column":0}},"17":{"start":{"line":18,"column":0},"end":{"line":18,"column":35}},"18":{"start":{"line":19,"column":0},"end":{"line":19,"column":28}},"19":{"start":{"line":20,"column":0},"end":{"line":20,"column":13}},"20":{"start":{"line":21,"column":0},"end":{"line":21,"column":53}},"21":{"start":{"line":22,"column":0},"end":{"line":22,"column":28}},"22":{"start":{"line":23,"column":0},"end":{"line":23,"column":25}},"23":{"start":{"line":24,"column":0},"end":{"line":24,"column":24}},"24":{"start":{"line":25,"column":0},"end":{"line":25,"column":9}},"25":{"start":{"line":26,"column":0},"end":{"line":26,"column":5}},"26":{"start":{"line":27,"column":0},"end":{"line":27,"column":0}},"27":{"start":{"line":28,"column":0},"end":{"line":28,"column":64}},"28":{"start":{"line":29,"column":0},"end":{"line":29,"column":58}},"29":{"start":{"line":30,"column":0},"end":{"line":30,"column":13}},"30":{"start":{"line":31,"column":0},"end":{"line":31,"column":62}},"31":{"start":{"line":32,"column":0},"end":{"line":32,"column":0}},"32":{"start":{"line":33,"column":0},"end":{"line":33,"column":27}},"33":{"start":{"line":34,"column":0},"end":{"line":34,"column":73}},"34":{"start":{"line":35,"column":0},"end":{"line":35,"column":13}},"35":{"start":{"line":36,"column":0},"end":{"line":36,"column":0}},"36":{"start":{"line":37,"column":0},"end":{"line":37,"column":51}},"37":{"start":{"line":38,"column":0},"end":{"line":38,"column":43}},"38":{"start":{"line":39,"column":0},"end":{"line":39,"column":17}},"39":{"start":{"line":40,"column":0},"end":{"line":40,"column":45}},"40":{"start":{"line":41,"column":0},"end":{"line":41,"column":66}},"41":{"start":{"line":42,"column":0},"end":{"line":42,"column":17}},"42":{"start":{"line":43,"column":0},"end":{"line":43,"column":14}},"43":{"start":{"line":44,"column":0},"end":{"line":44,"column":0}},"44":{"start":{"line":45,"column":0},"end":{"line":45,"column":42}},"45":{"start":{"line":46,"column":0},"end":{"line":46,"column":111}},"46":{"start":{"line":47,"column":0},"end":{"line":47,"column":25}},"47":{"start":{"line":48,"column":0},"end":{"line":48,"column":24}},"48":{"start":{"line":49,"column":0},"end":{"line":49,"column":9}},"49":{"start":{"line":50,"column":0},"end":{"line":50,"column":5}},"50":{"start":{"line":51,"column":0},"end":{"line":51,"column":0}},"51":{"start":{"line":52,"column":0},"end":{"line":52,"column":37}},"52":{"start":{"line":53,"column":0},"end":{"line":53,"column":13}},"53":{"start":{"line":54,"column":0},"end":{"line":54,"column":56}},"54":{"start":{"line":55,"column":0},"end":{"line":55,"column":33}},"55":{"start":{"line":56,"column":0},"end":{"line":56,"column":15}},"56":{"start":{"line":57,"column":0},"end":{"line":57,"column":53}},"57":{"start":{"line":58,"column":0},"end":{"line":58,"column":25}},"58":{"start":{"line":59,"column":0},"end":{"line":59,"column":24}},"59":{"start":{"line":60,"column":0},"end":{"line":60,"column":9}},"60":{"start":{"line":61,"column":0},"end":{"line":61,"column":5}},"61":{"start":{"line":62,"column":0},"end":{"line":62,"column":0}},"62":{"start":{"line":63,"column":0},"end":{"line":63,"column":41}},"63":{"start":{"line":64,"column":0},"end":{"line":64,"column":13}},"64":{"start":{"line":65,"column":0},"end":{"line":65,"column":37}},"65":{"start":{"line":66,"column":0},"end":{"line":66,"column":53}},"66":{"start":{"line":67,"column":0},"end":{"line":67,"column":0}},"67":{"start":{"line":68,"column":0},"end":{"line":68,"column":81}},"68":{"start":{"line":69,"column":0},"end":{"line":69,"column":64}},"69":{"start":{"line":70,"column":0},"end":{"line":70,"column":49}},"70":{"start":{"line":71,"column":0},"end":{"line":71,"column":63}},"71":{"start":{"line":72,"column":0},"end":{"line":72,"column":32}},"72":{"start":{"line":73,"column":0},"end":{"line":73,"column":50}},"73":{"start":{"line":74,"column":0},"end":{"line":74,"column":43}},"74":{"start":{"line":75,"column":0},"end":{"line":75,"column":26}},"75":{"start":{"line":76,"column":0},"end":{"line":76,"column":80}},"76":{"start":{"line":77,"column":0},"end":{"line":77,"column":37}},"77":{"start":{"line":78,"column":0},"end":{"line":78,"column":33}},"78":{"start":{"line":79,"column":0},"end":{"line":79,"column":35}},"79":{"start":{"line":80,"column":0},"end":{"line":80,"column":40}},"80":{"start":{"line":81,"column":0},"end":{"line":81,"column":40}},"81":{"start":{"line":82,"column":0},"end":{"line":82,"column":40}},"82":{"start":{"line":83,"column":0},"end":{"line":83,"column":26}},"83":{"start":{"line":84,"column":0},"end":{"line":84,"column":23}},"84":{"start":{"line":85,"column":0},"end":{"line":85,"column":0}},"85":{"start":{"line":86,"column":0},"end":{"line":86,"column":77}},"86":{"start":{"line":87,"column":0},"end":{"line":87,"column":28}},"87":{"start":{"line":88,"column":0},"end":{"line":88,"column":56}},"88":{"start":{"line":89,"column":0},"end":{"line":89,"column":104}},"89":{"start":{"line":90,"column":0},"end":{"line":90,"column":22}},"90":{"start":{"line":91,"column":0},"end":{"line":91,"column":18}},"91":{"start":{"line":92,"column":0},"end":{"line":92,"column":14}},"92":{"start":{"line":93,"column":0},"end":{"line":93,"column":0}},"93":{"start":{"line":94,"column":0},"end":{"line":94,"column":45}},"94":{"start":{"line":95,"column":0},"end":{"line":95,"column":25}},"95":{"start":{"line":96,"column":0},"end":{"line":96,"column":80}},"96":{"start":{"line":97,"column":0},"end":{"line":97,"column":9}},"97":{"start":{"line":98,"column":0},"end":{"line":98,"column":5}},"98":{"start":{"line":99,"column":0},"end":{"line":99,"column":1}},"99":{"start":{"line":100,"column":0},"end":{"line":100,"column":0}},"100":{"start":{"line":101,"column":0},"end":{"line":101,"column":32}}},"s":{"0":1,"1":1,"2":1,"3":1,"4":1,"5":1,"6":1,"7":1,"8":1,"9":1,"10":1,"11":1,"12":1,"13":0,"14":0,"15":1,"16":1,"17":1,"18":1,"19":1,"20":1,"21":1,"22":1,"23":0,"24":0,"25":1,"26":1,"27":1,"28":1,"29":2,"30":2,"31":2,"32":2,"33":1,"34":1,"35":1,"36":1,"37":1,"38":1,"39":1,"40":1,"41":1,"42":1,"43":1,"44":1,"45":1,"46":2,"47":0,"48":0,"49":2,"50":1,"51":1,"52":2,"53":2,"54":2,"55":2,"56":2,"57":2,"58":0,"59":0,"60":2,"61":1,"62":1,"63":1,"64":1,"65":1,"66":1,"67":1,"68":1,"69":1,"70":3,"71":3,"72":3,"73":3,"74":3,"75":3,"76":3,"77":3,"78":3,"79":3,"80":3,"81":3,"82":3,"83":3,"84":3,"85":3,"86":3,"87":3,"88":3,"89":3,"90":1,"91":1,"92":1,"93":1,"94":1,"95":0,"96":0,"97":1,"98":1,"99":1,"100":1},"branchMap":{"0":{"type":"branch","line":7,"loc":{"start":{"line":7,"column":4},"end":{"line":16,"column":5}},"locations":[{"start":{"line":7,"column":4},"end":{"line":16,"column":5}}]},"1":{"type":"branch","line":13,"loc":{"start":{"line":13,"column":10},"end":{"line":15,"column":9}},"locations":[{"start":{"line":13,"column":10},"end":{"line":15,"column":9}}]},"2":{"type":"branch","line":19,"loc":{"start":{"line":19,"column":4},"end":{"line":26,"column":5}},"locations":[{"start":{"line":19,"column":4},"end":{"line":26,"column":5}}]},"3":{"type":"branch","line":23,"loc":{"start":{"line":23,"column":10},"end":{"line":25,"column":9}},"locations":[{"start":{"line":23,"column":10},"end":{"line":25,"column":9}}]},"4":{"type":"branch","line":29,"loc":{"start":{"line":29,"column":4},"end":{"line":50,"column":5}},"locations":[{"start":{"line":29,"column":4},"end":{"line":50,"column":5}}]},"5":{"type":"branch","line":33,"loc":{"start":{"line":33,"column":26},"end":{"line":47,"column":10}},"locations":[{"start":{"line":33,"column":26},"end":{"line":47,"column":10}}]},"6":{"type":"branch","line":47,"loc":{"start":{"line":47,"column":10},"end":{"line":49,"column":9}},"locations":[{"start":{"line":47,"column":10},"end":{"line":49,"column":9}}]},"7":{"type":"branch","line":52,"loc":{"start":{"line":52,"column":4},"end":{"line":61,"column":5}},"locations":[{"start":{"line":52,"column":4},"end":{"line":61,"column":5}}]},"8":{"type":"branch","line":57,"loc":{"start":{"line":57,"column":26},"end":{"line":57,"column":45}},"locations":[{"start":{"line":57,"column":26},"end":{"line":57,"column":45}}]},"9":{"type":"branch","line":57,"loc":{"start":{"line":57,"column":45},"end":{"line":57,"column":52}},"locations":[{"start":{"line":57,"column":45},"end":{"line":57,"column":52}}]},"10":{"type":"branch","line":58,"loc":{"start":{"line":58,"column":10},"end":{"line":60,"column":9}},"locations":[{"start":{"line":58,"column":10},"end":{"line":60,"column":9}}]},"11":{"type":"branch","line":63,"loc":{"start":{"line":63,"column":4},"end":{"line":98,"column":5}},"locations":[{"start":{"line":63,"column":4},"end":{"line":98,"column":5}}]},"12":{"type":"branch","line":95,"loc":{"start":{"line":95,"column":10},"end":{"line":97,"column":9}},"locations":[{"start":{"line":95,"column":10},"end":{"line":97,"column":9}}]},"13":{"type":"branch","line":70,"loc":{"start":{"line":70,"column":29},"end":{"line":91,"column":17}},"locations":[{"start":{"line":70,"column":29},"end":{"line":91,"column":17}}]},"14":{"type":"branch","line":89,"loc":{"start":{"line":89,"column":50},"end":{"line":89,"column":58}},"locations":[{"start":{"line":89,"column":50},"end":{"line":89,"column":58}}]}},"b":{"0":[1],"1":[0],"2":[1],"3":[0],"4":[2],"5":[1],"6":[0],"7":[2],"8":[1],"9":[1],"10":[0],"11":[1],"12":[0],"13":[3],"14":[1]},"fnMap":{"0":{"name":"getAvailablesCounters","decl":{"start":{"line":7,"column":4},"end":{"line":16,"column":5}},"loc":{"start":{"line":7,"column":4},"end":{"line":16,"column":5}},"line":7},"1":{"name":"getAllCounters","decl":{"start":{"line":19,"column":4},"end":{"line":26,"column":5}},"loc":{"start":{"line":19,"column":4},"end":{"line":26,"column":5}},"line":19},"2":{"name":"updateIsOccupiedCounter","decl":{"start":{"line":29,"column":4},"end":{"line":50,"column":5}},"loc":{"start":{"line":29,"column":4},"end":{"line":50,"column":5}},"line":29},"3":{"name":"getServiceByCounterId","decl":{"start":{"line":52,"column":4},"end":{"line":61,"column":5}},"loc":{"start":{"line":52,"column":4},"end":{"line":61,"column":5}},"line":52},"4":{"name":"getCountersWithLatestTicket","decl":{"start":{"line":63,"column":4},"end":{"line":98,"column":5}},"loc":{"start":{"line":63,"column":4},"end":{"line":98,"column":5}},"line":63}},"f":{"0":1,"1":1,"2":2,"3":2,"4":1}}
,"D:\\Tutto\\Università\\Magistrale\\Secondo anno\\Softeng 2\\05-Office-Queue\\server\\dao\\serviceDao.mjs": {"path":"D:\\Tutto\\Università\\Magistrale\\Secondo anno\\Softeng 2\\05-Office-Queue\\server\\dao\\serviceDao.mjs","all":false,"statementMap":{"0":{"start":{"line":1,"column":0},"end":{"line":1,"column":44}},"1":{"start":{"line":2,"column":0},"end":{"line":2,"column":0}},"2":{"start":{"line":3,"column":0},"end":{"line":3,"column":18}},"3":{"start":{"line":4,"column":0},"end":{"line":4,"column":35}},"4":{"start":{"line":5,"column":0},"end":{"line":5,"column":28}},"5":{"start":{"line":6,"column":0},"end":{"line":6,"column":13}},"6":{"start":{"line":7,"column":0},"end":{"line":7,"column":53}},"7":{"start":{"line":8,"column":0},"end":{"line":8,"column":28}},"8":{"start":{"line":9,"column":0},"end":{"line":9,"column":25}},"9":{"start":{"line":10,"column":0},"end":{"line":10,"column":24}},"10":{"start":{"line":11,"column":0},"end":{"line":11,"column":9}},"11":{"start":{"line":12,"column":0},"end":{"line":12,"column":5}},"12":{"start":{"line":13,"column":0},"end":{"line":13,"column":0}},"13":{"start":{"line":14,"column":0},"end":{"line":14,"column":30}},"14":{"start":{"line":15,"column":0},"end":{"line":15,"column":13}},"15":{"start":{"line":16,"column":0},"end":{"line":16,"column":55}},"16":{"start":{"line":17,"column":0},"end":{"line":17,"column":27}},"17":{"start":{"line":18,"column":0},"end":{"line":18,"column":25}},"18":{"start":{"line":19,"column":0},"end":{"line":19,"column":24}},"19":{"start":{"line":20,"column":0},"end":{"line":20,"column":9}},"20":{"start":{"line":21,"column":0},"end":{"line":21,"column":5}},"21":{"start":{"line":22,"column":0},"end":{"line":22,"column":0}},"22":{"start":{"line":23,"column":0},"end":{"line":23,"column":79}},"23":{"start":{"line":24,"column":0},"end":{"line":24,"column":1}},"24":{"start":{"line":25,"column":0},"end":{"line":25,"column":0}},"25":{"start":{"line":26,"column":0},"end":{"line":26,"column":32}}},"s":{"0":1,"1":1,"2":1,"3":1,"4":1,"5":1,"6":1,"7":1,"8":1,"9":0,"10":0,"11":1,"12":1,"13":1,"14":2,"15":2,"16":2,"17":2,"18":0,"19":0,"20":2,"21":1,"22":1,"23":1,"24":1,"25":1},"branchMap":{"0":{"type":"branch","line":5,"loc":{"start":{"line":5,"column":4},"end":{"line":12,"column":5}},"locations":[{"start":{"line":5,"column":4},"end":{"line":12,"column":5}}]},"1":{"type":"branch","line":9,"loc":{"start":{"line":9,"column":10},"end":{"line":11,"column":9}},"locations":[{"start":{"line":9,"column":10},"end":{"line":11,"column":9}}]},"2":{"type":"branch","line":14,"loc":{"start":{"line":14,"column":4},"end":{"line":21,"column":5}},"locations":[{"start":{"line":14,"column":4},"end":{"line":21,"column":5}}]},"3":{"type":"branch","line":18,"loc":{"start":{"line":18,"column":10},"end":{"line":20,"column":9}},"locations":[{"start":{"line":18,"column":10},"end":{"line":20,"column":9}}]}},"b":{"0":[1],"1":[0],"2":[2],"3":[0]},"fnMap":{"0":{"name":"getAllServices","decl":{"start":{"line":5,"column":4},"end":{"line":12,"column":5}},"loc":{"start":{"line":5,"column":4},"end":{"line":12,"column":5}},"line":5},"1":{"name":"getServiceById","decl":{"start":{"line":14,"column":4},"end":{"line":21,"column":5}},"loc":{"start":{"line":14,"column":4},"end":{"line":21,"column":5}},"line":14}},"f":{"0":1,"1":2}}
,"D:\\Tutto\\Università\\Magistrale\\Secondo anno\\Softeng 2\\05-Office-Queue\\server\\dao\\ticketDao.mjs": {"path":"D:\\Tutto\\Università\\Magistrale\\Secondo anno\\Softeng 2\\05-Office-Queue\\server\\dao\\ticketDao.mjs","all":false,"statementMap":{"0":{"start":{"line":1,"column":0},"end":{"line":1,"column":42}},"1":{"start":{"line":2,"column":0},"end":{"line":2,"column":44}},"2":{"start":{"line":3,"column":0},"end":{"line":3,"column":58}},"3":{"start":{"line":4,"column":0},"end":{"line":4,"column":44}},"4":{"start":{"line":5,"column":0},"end":{"line":5,"column":31}},"5":{"start":{"line":6,"column":0},"end":{"line":6,"column":34}},"6":{"start":{"line":7,"column":0},"end":{"line":7,"column":0}},"7":{"start":{"line":8,"column":0},"end":{"line":8,"column":17}},"8":{"start":{"line":9,"column":0},"end":{"line":9,"column":35}},"9":{"start":{"line":10,"column":0},"end":{"line":10,"column":35}},"10":{"start":{"line":11,"column":0},"end":{"line":11,"column":13}},"11":{"start":{"line":12,"column":0},"end":{"line":12,"column":59}},"12":{"start":{"line":13,"column":0},"end":{"line":13,"column":26}},"13":{"start":{"line":14,"column":0},"end":{"line":14,"column":25}},"14":{"start":{"line":15,"column":0},"end":{"line":15,"column":24}},"15":{"start":{"line":16,"column":0},"end":{"line":16,"column":9}},"16":{"start":{"line":17,"column":0},"end":{"line":17,"column":5}},"17":{"start":{"line":18,"column":0},"end":{"line":18,"column":0}},"18":{"start":{"line":19,"column":0},"end":{"line":19,"column":36}},"19":{"start":{"line":20,"column":0},"end":{"line":20,"column":36}},"20":{"start":{"line":21,"column":0},"end":{"line":21,"column":13}},"21":{"start":{"line":22,"column":0},"end":{"line":22,"column":62}},"22":{"start":{"line":23,"column":0},"end":{"line":23,"column":29}},"23":{"start":{"line":24,"column":0},"end":{"line":24,"column":25}},"24":{"start":{"line":25,"column":0},"end":{"line":25,"column":24}},"25":{"start":{"line":26,"column":0},"end":{"line":26,"column":9}},"26":{"start":{"line":27,"column":0},"end":{"line":27,"column":5}},"27":{"start":{"line":28,"column":0},"end":{"line":28,"column":0}},"28":{"start":{"line":29,"column":0},"end":{"line":29,"column":32}},"29":{"start":{"line":30,"column":0},"end":{"line":30,"column":13}},"30":{"start":{"line":31,"column":0},"end":{"line":31,"column":42}},"31":{"start":{"line":32,"column":0},"end":{"line":32,"column":44}},"32":{"start":{"line":33,"column":0},"end":{"line":33,"column":0}},"33":{"start":{"line":34,"column":0},"end":{"line":34,"column":53}},"34":{"start":{"line":35,"column":0},"end":{"line":35,"column":24}},"35":{"start":{"line":36,"column":0},"end":{"line":36,"column":32}},"36":{"start":{"line":37,"column":0},"end":{"line":37,"column":84}},"37":{"start":{"line":38,"column":0},"end":{"line":38,"column":22}},"38":{"start":{"line":39,"column":0},"end":{"line":39,"column":18}},"39":{"start":{"line":40,"column":0},"end":{"line":40,"column":42}},"40":{"start":{"line":41,"column":0},"end":{"line":41,"column":15}},"41":{"start":{"line":42,"column":0},"end":{"line":42,"column":30}},"42":{"start":{"line":43,"column":0},"end":{"line":43,"column":25}},"43":{"start":{"line":44,"column":0},"end":{"line":44,"column":24}},"44":{"start":{"line":45,"column":0},"end":{"line":45,"column":9}},"45":{"start":{"line":46,"column":0},"end":{"line":46,"column":5}},"46":{"start":{"line":47,"column":0},"end":{"line":47,"column":0}},"47":{"start":{"line":48,"column":0},"end":{"line":48,"column":51}},"48":{"start":{"line":49,"column":0},"end":{"line":49,"column":52}},"49":{"start":{"line":50,"column":0},"end":{"line":50,"column":13}},"50":{"start":{"line":51,"column":0},"end":{"line":51,"column":49}},"51":{"start":{"line":52,"column":0},"end":{"line":52,"column":24}},"52":{"start":{"line":53,"column":0},"end":{"line":53,"column":30}},"53":{"start":{"line":54,"column":0},"end":{"line":54,"column":36}},"54":{"start":{"line":55,"column":0},"end":{"line":55,"column":18}},"55":{"start":{"line":56,"column":0},"end":{"line":56,"column":46}},"56":{"start":{"line":57,"column":0},"end":{"line":57,"column":15}},"57":{"start":{"line":58,"column":0},"end":{"line":58,"column":26}},"58":{"start":{"line":59,"column":0},"end":{"line":59,"column":28}},"59":{"start":{"line":60,"column":0},"end":{"line":60,"column":13}},"60":{"start":{"line":61,"column":0},"end":{"line":61,"column":0}},"61":{"start":{"line":62,"column":0},"end":{"line":62,"column":35}},"62":{"start":{"line":63,"column":0},"end":{"line":63,"column":42}},"63":{"start":{"line":64,"column":0},"end":{"line":64,"column":51}},"64":{"start":{"line":65,"column":0},"end":{"line":65,"column":32}},"65":{"start":{"line":66,"column":0},"end":{"line":66,"column":26}},"66":{"start":{"line":67,"column":0},"end":{"line":67,"column":25}},"67":{"start":{"line":68,"column":0},"end":{"line":68,"column":24}},"68":{"start":{"line":69,"column":0},"end":{"line":69,"column":9}},"69":{"start":{"line":70,"column":0},"end":{"line":70,"column":5}},"70":{"start":{"line":71,"column":0},"end":{"line":71,"column":0}},"71":{"start":{"line":72,"column":0},"end":{"line":72,"column":50}},"72":{"start":{"line":73,"column":0},"end":{"line":73,"column":44}},"73":{"start":{"line":74,"column":0},"end":{"line":74,"column":13}},"74":{"start":{"line":75,"column":0},"end":{"line":75,"column":59}},"75":{"start":{"line":76,"column":0},"end":{"line":76,"column":24}},"76":{"start":{"line":77,"column":0},"end":{"line":77,"column":30}},"77":{"start":{"line":78,"column":0},"end":{"line":78,"column":18}},"78":{"start":{"line":79,"column":0},"end":{"line":79,"column":15}},"79":{"start":{"line":80,"column":0},"end":{"line":80,"column":28}},"80":{"start":{"line":81,"column":0},"end":{"line":81,"column":25}},"81":{"start":{"line":82,"column":0},"end":{"line":82,"column":24}},"82":{"start":{"line":83,"column":0},"end":{"line":83,"column":9}},"83":{"start":{"line":84,"column":0},"end":{"line":84,"column":5}},"84":{"start":{"line":85,"column":0},"end":{"line":85,"column":0}},"85":{"start":{"line":86,"column":0},"end":{"line":86,"column":112}},"86":{"start":{"line":87,"column":0},"end":{"line":87,"column":53}},"87":{"start":{"line":88,"column":0},"end":{"line":88,"column":13}},"88":{"start":{"line":89,"column":0},"end":{"line":89,"column":73}},"89":{"start":{"line":90,"column":0},"end":{"line":90,"column":99}},"90":{"start":{"line":91,"column":0},"end":{"line":91,"column":56}},"91":{"start":{"line":92,"column":0},"end":{"line":92,"column":13}},"92":{"start":{"line":93,"column":0},"end":{"line":93,"column":76}},"93":{"start":{"line":94,"column":0},"end":{"line":94,"column":44}},"94":{"start":{"line":95,"column":0},"end":{"line":95,"column":53}},"95":{"start":{"line":96,"column":0},"end":{"line":96,"column":24}},"96":{"start":{"line":97,"column":0},"end":{"line":97,"column":30}},"97":{"start":{"line":98,"column":0},"end":{"line":98,"column":18}},"98":{"start":{"line":99,"column":0},"end":{"line":99,"column":29}},"99":{"start":{"line":100,"column":0},"end":{"line":100,"column":32}},"100":{"start":{"line":101,"column":0},"end":{"line":101,"column":21}},"101":{"start":{"line":102,"column":0},"end":{"line":102,"column":37}},"102":{"start":{"line":103,"column":0},"end":{"line":103,"column":34}},"103":{"start":{"line":104,"column":0},"end":{"line":104,"column":66}},"104":{"start":{"line":105,"column":0},"end":{"line":105,"column":26}},"105":{"start":{"line":106,"column":0},"end":{"line":106,"column":45}},"106":{"start":{"line":107,"column":0},"end":{"line":107,"column":22}},"107":{"start":{"line":108,"column":0},"end":{"line":108,"column":18}},"108":{"start":{"line":109,"column":0},"end":{"line":109,"column":26}},"109":{"start":{"line":110,"column":0},"end":{"line":110,"column":35}},"110":{"start":{"line":111,"column":0},"end":{"line":111,"column":35}},"111":{"start":{"line":112,"column":0},"end":{"line":112,"column":18}},"112":{"start":{"line":113,"column":0},"end":{"line":113,"column":37}},"113":{"start":{"line":114,"column":0},"end":{"line":114,"column":75}},"114":{"start":{"line":115,"column":0},"end":{"line":115,"column":15}},"115":{"start":{"line":116,"column":0},"end":{"line":116,"column":30}},"116":{"start":{"line":117,"column":0},"end":{"line":117,"column":25}},"117":{"start":{"line":118,"column":0},"end":{"line":118,"column":24}},"118":{"start":{"line":119,"column":0},"end":{"line":119,"column":9}},"119":{"start":{"line":120,"column":0},"end":{"line":120,"column":5}},"120":{"start":{"line":121,"column":0},"end":{"line":121,"column":0}},"121":{"start":{"line":122,"column":0},"end":{"line":122,"column":0}},"122":{"start":{"line":123,"column":0},"end":{"line":123,"column":44}},"123":{"start":{"line":124,"column":0},"end":{"line":124,"column":13}},"124":{"start":{"line":125,"column":0},"end":{"line":125,"column":53}},"125":{"start":{"line":126,"column":0},"end":{"line":126,"column":24}},"126":{"start":{"line":127,"column":0},"end":{"line":127,"column":30}},"127":{"start":{"line":128,"column":0},"end":{"line":128,"column":36}},"128":{"start":{"line":129,"column":0},"end":{"line":129,"column":18}},"129":{"start":{"line":130,"column":0},"end":{"line":130,"column":46}},"130":{"start":{"line":131,"column":0},"end":{"line":131,"column":15}},"131":{"start":{"line":132,"column":0},"end":{"line":132,"column":30}},"132":{"start":{"line":133,"column":0},"end":{"line":133,"column":25}},"133":{"start":{"line":134,"column":0},"end":{"line":134,"column":24}},"134":{"start":{"line":135,"column":0},"end":{"line":135,"column":9}},"135":{"start":{"line":136,"column":0},"end":{"line":136,"column":5}},"136":{"start":{"line":137,"column":0},"end":{"line":137,"column":0}},"137":{"start":{"line":138,"column":0},"end":{"line":138,"column":30}},"138":{"start":{"line":139,"column":0},"end":{"line":139,"column":13}},"139":{"start":{"line":140,"column":0},"end":{"line":140,"column":50}},"140":{"start":{"line":141,"column":0},"end":{"line":141,"column":42}},"141":{"start":{"line":142,"column":0},"end":{"line":142,"column":78}},"142":{"start":{"line":143,"column":0},"end":{"line":143,"column":15}},"143":{"start":{"line":144,"column":0},"end":{"line":144,"column":27}},"144":{"start":{"line":145,"column":0},"end":{"line":145,"column":25}},"145":{"start":{"line":146,"column":0},"end":{"line":146,"column":24}},"146":{"start":{"line":147,"column":0},"end":{"line":147,"column":9}},"147":{"start":{"line":148,"column":0},"end":{"line":148,"column":5}},"148":{"start":{"line":149,"column":0},"end":{"line":149,"column":0}},"149":{"start":{"line":150,"column":0},"end":{"line":150,"column":45}},"150":{"start":{"line":151,"column":0},"end":{"line":151,"column":13}},"151":{"start":{"line":152,"column":0},"end":{"line":152,"column":50}},"152":{"start":{"line":153,"column":0},"end":{"line":153,"column":72}},"153":{"start":{"line":154,"column":0},"end":{"line":154,"column":29}},"154":{"start":{"line":155,"column":0},"end":{"line":155,"column":21}},"155":{"start":{"line":156,"column":0},"end":{"line":156,"column":72}},"156":{"start":{"line":157,"column":0},"end":{"line":157,"column":43}},"157":{"start":{"line":158,"column":0},"end":{"line":158,"column":62}},"158":{"start":{"line":159,"column":0},"end":{"line":159,"column":25}},"159":{"start":{"line":160,"column":0},"end":{"line":160,"column":27}},"160":{"start":{"line":161,"column":0},"end":{"line":161,"column":32}},"161":{"start":{"line":162,"column":0},"end":{"line":162,"column":31}},"162":{"start":{"line":163,"column":0},"end":{"line":163,"column":32}},"163":{"start":{"line":164,"column":0},"end":{"line":164,"column":18}},"164":{"start":{"line":165,"column":0},"end":{"line":165,"column":122}},"165":{"start":{"line":166,"column":0},"end":{"line":166,"column":24}},"166":{"start":{"line":167,"column":0},"end":{"line":167,"column":78}},"167":{"start":{"line":168,"column":0},"end":{"line":168,"column":51}},"168":{"start":{"line":169,"column":0},"end":{"line":169,"column":15}},"169":{"start":{"line":170,"column":0},"end":{"line":170,"column":27}},"170":{"start":{"line":171,"column":0},"end":{"line":171,"column":25}},"171":{"start":{"line":172,"column":0},"end":{"line":172,"column":24}},"172":{"start":{"line":173,"column":0},"end":{"line":173,"column":9}},"173":{"start":{"line":174,"column":0},"end":{"line":174,"column":5}},"174":{"start":{"line":175,"column":0},"end":{"line":175,"column":1}},"175":{"start":{"line":176,"column":0},"end":{"line":176,"column":0}},"176":{"start":{"line":177,"column":0},"end":{"line":177,"column":31}}},"s":{"0":1,"1":1,"2":1,"3":1,"4":1,"5":1,"6":1,"7":1,"8":1,"9":1,"10":1,"11":1,"12":1,"13":1,"14":0,"15":0,"16":1,"17":1,"18":1,"19":1,"20":1,"21":1,"22":1,"23":1,"24":0,"25":0,"26":1,"27":1,"28":1,"29":1,"30":1,"31":1,"32":1,"33":1,"34":1,"35":1,"36":1,"37":1,"38":1,"39":1,"40":1,"41":1,"42":1,"43":0,"44":0,"45":1,"46":1,"47":1,"48":1,"49":2,"50":2,"51":2,"52":2,"53":2,"54":2,"55":2,"56":2,"57":2,"58":1,"59":1,"60":1,"61":1,"62":1,"63":1,"64":1,"65":1,"66":2,"67":0,"68":0,"69":2,"70":1,"71":1,"72":1,"73":1,"74":1,"75":1,"76":1,"77":1,"78":1,"79":1,"80":1,"81":0,"82":0,"83":1,"84":1,"85":1,"86":1,"87":2,"88":2,"89":2,"90":1,"91":1,"92":1,"93":1,"94":1,"95":1,"96":1,"97":1,"98":1,"99":1,"100":1,"101":1,"102":1,"103":1,"104":1,"105":1,"106":1,"107":1,"108":1,"109":1,"110":1,"111":1,"112":1,"113":1,"114":1,"115":1,"116":2,"117":0,"118":0,"119":2,"120":1,"121":1,"122":1,"123":2,"124":2,"125":2,"126":2,"127":2,"128":2,"129":2,"130":2,"131":2,"132":2,"133":0,"134":0,"135":2,"136":1,"137":1,"138":1,"139":1,"140":1,"141":1,"142":1,"143":1,"144":1,"145":0,"146":0,"147":1,"148":1,"149":1,"150":1,"151":1,"152":1,"153":1,"154":1,"155":1,"156":1,"157":1,"158":1,"159":1,"160":1,"161":1,"162":1,"163":1,"164":1,"165":1,"166":1,"167":1,"168":1,"169":1,"170":1,"171":0,"172":0,"173":1,"174":1,"175":1,"176":1},"branchMap":{"0":{"type":"branch","line":10,"loc":{"start":{"line":10,"column":4},"end":{"line":17,"column":5}},"locations":[{"start":{"line":10,"column":4},"end":{"line":17,"column":5}}]},"1":{"type":"branch","line":14,"loc":{"start":{"line":14,"column":10},"end":{"line":16,"column":9}},"locations":[{"start":{"line":14,"column":10},"end":{"line":16,"column":9}}]},"2":{"type":"branch","line":20,"loc":{"start":{"line":20,"column":4},"end":{"line":27,"column":5}},"locations":[{"start":{"line":20,"column":4},"end":{"line":27,"column":5}}]},"3":{"type":"branch","line":24,"loc":{"start":{"line":24,"column":10},"end":{"line":26,"column":9}},"locations":[{"start":{"line":24,"column":10},"end":{"line":26,"column":9}}]},"4":{"type":"branch","line":29,"loc":{"start":{"line":29,"column":4},"end":{"line":46,"column":5}},"locations":[{"start":{"line":29,"column":4},"end":{"line":46,"column":5}}]},"5":{"type":"branch","line":43,"loc":{"start":{"line":43,"column":10},"end":{"line":45,"column":9}},"locations":[{"start":{"line":43,"column":10},"end":{"line":45,"column":9}}]},"6":{"type":"branch","line":49,"loc":{"start":{"line":49,"column":4},"end":{"line":70,"column":5}},"locations":[{"start":{"line":49,"column":4},"end":{"line":70,"column":5}}]},"7":{"type":"branch","line":58,"loc":{"start":{"line":58,"column":25},"end":{"line":67,"column":10}},"locations":[{"start":{"line":58,"column":25},"end":{"line":67,"column":10}}]},"8":{"type":"branch","line":67,"loc":{"start":{"line":67,"column":10},"end":{"line":69,"column":9}},"locations":[{"start":{"line":67,"column":10},"end":{"line":69,"column":9}}]},"9":{"type":"branch","line":73,"loc":{"start":{"line":73,"column":4},"end":{"line":84,"column":5}},"locations":[{"start":{"line":73,"column":4},"end":{"line":84,"column":5}}]},"10":{"type":"branch","line":81,"loc":{"start":{"line":81,"column":10},"end":{"line":83,"column":9}},"locations":[{"start":{"line":81,"column":10},"end":{"line":83,"column":9}}]},"11":{"type":"branch","line":87,"loc":{"start":{"line":87,"column":4},"end":{"line":120,"column":5}},"locations":[{"start":{"line":87,"column":4},"end":{"line":120,"column":5}}]},"12":{"type":"branch","line":90,"loc":{"start":{"line":90,"column":52},"end":{"line":117,"column":10}},"locations":[{"start":{"line":90,"column":52},"end":{"line":117,"column":10}}]},"13":{"type":"branch","line":117,"loc":{"start":{"line":117,"column":10},"end":{"line":119,"column":9}},"locations":[{"start":{"line":117,"column":10},"end":{"line":119,"column":9}}]},"14":{"type":"branch","line":93,"loc":{"start":{"line":93,"column":45},"end":{"line":93,"column":74}},"locations":[{"start":{"line":93,"column":45},"end":{"line":93,"column":74}}]},"15":{"type":"branch","line":123,"loc":{"start":{"line":123,"column":4},"end":{"line":136,"column":5}},"locations":[{"start":{"line":123,"column":4},"end":{"line":136,"column":5}}]},"16":{"type":"branch","line":133,"loc":{"start":{"line":133,"column":10},"end":{"line":135,"column":9}},"locations":[{"start":{"line":133,"column":10},"end":{"line":135,"column":9}}]},"17":{"type":"branch","line":138,"loc":{"start":{"line":138,"column":4},"end":{"line":148,"column":5}},"locations":[{"start":{"line":138,"column":4},"end":{"line":148,"column":5}}]},"18":{"type":"branch","line":145,"loc":{"start":{"line":145,"column":10},"end":{"line":147,"column":9}},"locations":[{"start":{"line":145,"column":10},"end":{"line":147,"column":9}}]},"19":{"type":"branch","line":150,"loc":{"start":{"line":150,"column":4},"end":{"line":174,"column":5}},"locations":[{"start":{"line":150,"column":4},"end":{"line":174,"column":5}}]},"20":{"type":"branch","line":171,"loc":{"start":{"line":171,"column":10},"end":{"line":173,"column":9}},"locations":[{"start":{"line":171,"column":10},"end":{"line":173,"column":9}}]}},"b":{"0":[1],"1":[0],"2":[1],"3":[0],"4":[1],"5":[0],"6":[2],"7":[1],"8":[0],"9":[1],"10":[0],"11":[2],"12":[1],"13":[0],"14":[1],"15":[2],"16":[0],"17":[1],"18":[0],"19":[1],"20":[0]},"fnMap":{"0":{"name":"getTicketById","decl":{"start":{"line":10,"column":4},"end":{"line":17,"column":5}},"loc":{"start":{"line":10,"column":4},"end":{"line":17,"column":5}},"line":10},"1":{"name":"createTicket","decl":{"start":{"line":20,"column":4},"end":{"line":27,"column":5}},"loc":{"start":{"line":20,"column":4},"end":{"line":27,"column":5}},"line":20},"2":{"name":"getTodayLastTicket","decl":{"start":{"line":29,"column":4},"end":{"line":46,"column":5}},"loc":{"start":{"line":29,"column":4},"end":{"line":46,"column":5}},"line":29},"3":{"name":"takeTicketToServed","decl":{"start":{"line":49,"column":4},"end":{"line":70,"column":5}},"loc":{"start":{"line":49,"column":4},"end":{"line":70,"column":5}},"line":49},"4":{"name":"getServiceByCounterId","decl":{"start":{"line":73,"column":4},"end":{"line":84,"column":5}},"loc":{"start":{"line":73,"column":4},"end":{"line":84,"column":5}},"line":73},"5":{"name":"getServiceWithMaxEstimatedTime","decl":{"start":{"line":87,"column":4},"end":{"line":120,"column":5}},"loc":{"start":{"line":87,"column":4},"end":{"line":120,"column":5}},"line":87},"6":{"name":"getNextCustomerTicket","decl":{"start":{"line":123,"column":4},"end":{"line":136,"column":5}},"loc":{"start":{"line":123,"column":4},"end":{"line":136,"column":5}},"line":123},"7":{"name":"getServedTickets","decl":{"start":{"line":138,"column":4},"end":{"line":148,"column":5}},"loc":{"start":{"line":138,"column":4},"end":{"line":148,"column":5}},"line":138},"8":{"name":"getLatestServedTicketsByCounter","decl":{"start":{"line":150,"column":4},"end":{"line":174,"column":5}},"loc":{"start":{"line":150,"column":4},"end":{"line":174,"column":5}},"line":150}},"f":{"0":1,"1":1,"2":1,"3":2,"4":1,"5":2,"6":2,"7":1,"8":1}}
}
