TN:
SF:db.mjs
FNF:0
FNH:0
DA:1,1
DA:2,1
DA:3,1
DA:4,1
DA:5,1
DA:6,1
DA:7,1
DA:8,1
DA:9,1
DA:10,1
DA:11,1
DA:12,1
DA:13,1
DA:14,1
DA:15,1
LF:15
LH:15
BRDA:6,0,0,1
BRDA:6,1,0,0
BRF:2
BRH:1
end_of_record
TN:
SF:dao\counterDao.mjs
FN:7,getAvailablesCounters
FN:19,getAllCounters
FN:29,updateIsOccupiedCounter
FN:52,getServiceByCounterId
FN:63,getCountersWithLatestTicket
FNF:5
FNH:4
FNDA:1,getAvailablesCounters
FNDA:1,getAllCounters
FNDA:2,updateIsOccupiedCounter
FNDA:2,getServiceByCounterId
FNDA:0,getCountersWithLatestTicket
DA:1,1
DA:2,1
DA:3,1
DA:4,1
DA:5,1
DA:6,1
DA:7,1
DA:8,1
DA:9,1
DA:10,1
DA:11,1
DA:12,1
DA:13,1
DA:14,0
DA:15,0
DA:16,1
DA:17,1
DA:18,1
DA:19,1
DA:20,1
DA:21,1
DA:22,1
DA:23,1
DA:24,0
DA:25,0
DA:26,1
DA:27,1
DA:28,1
DA:29,1
DA:30,2
DA:31,2
DA:32,2
DA:33,2
DA:34,1
DA:35,1
DA:36,1
DA:37,1
DA:38,1
DA:39,1
DA:40,1
DA:41,1
DA:42,1
DA:43,1
DA:44,1
DA:45,1
DA:46,1
DA:47,2
DA:48,0
DA:49,0
DA:50,2
DA:51,1
DA:52,1
DA:53,2
DA:54,2
DA:55,2
DA:56,2
DA:57,2
DA:58,2
DA:59,0
DA:60,0
DA:61,2
DA:62,1
DA:63,1
DA:64,0
DA:65,0
DA:66,0
DA:67,0
DA:68,0
DA:69,0
DA:70,0
DA:71,0
DA:72,0
DA:73,0
DA:74,0
DA:75,0
DA:76,0
DA:77,0
DA:78,0
DA:79,0
DA:80,0
DA:81,0
DA:82,0
DA:83,0
DA:84,0
DA:85,0
DA:86,0
DA:87,0
DA:88,0
DA:89,0
DA:90,0
DA:91,0
DA:92,0
DA:93,0
DA:94,0
DA:95,0
DA:96,0
DA:97,0
DA:98,0
DA:99,1
DA:100,1
DA:101,1
LF:101
LH:58
BRDA:7,0,0,1
BRDA:13,1,0,0
BRDA:19,2,0,1
BRDA:23,3,0,0
BRDA:29,4,0,2
BRDA:33,5,0,1
BRDA:47,6,0,0
BRDA:52,7,0,2
BRDA:57,8,0,1
BRDA:57,9,0,1
BRDA:58,10,0,0
BRF:11
BRH:7
end_of_record
TN:
SF:dao\serviceDao.mjs
FN:5,getAllServices
FN:14,getServiceById
FNF:2
FNH:2
FNDA:1,getAllServices
FNDA:2,getServiceById
DA:1,1
DA:2,1
DA:3,1
DA:4,1
DA:5,1
DA:6,1
DA:7,1
DA:8,1
DA:9,1
DA:10,0
DA:11,0
DA:12,1
DA:13,1
DA:14,1
DA:15,2
DA:16,2
DA:17,2
DA:18,2
DA:19,0
DA:20,0
DA:21,2
DA:22,1
DA:23,1
DA:24,1
DA:25,1
DA:26,1
LF:26
LH:22
BRDA:5,0,0,1
BRDA:9,1,0,0
BRDA:14,2,0,2
BRDA:18,3,0,0
BRF:4
BRH:2
end_of_record
TN:
SF:dao\ticketDao.mjs
FN:10,getTicketById
FN:20,createTicket
FN:29,getTodayLastTicket
FN:49,takeTicketToServed
FN:73,getServiceByCounterId
FN:87,getServiceWithMaxEstimatedTime
FN:127,getNextCustomerTicket
FN:142,getServedTickets
FN:154,getLatestServedTicketsByCounter
FNF:9
FNH:9
FNDA:1,getTicketById
FNDA:1,createTicket
FNDA:1,getTodayLastTicket
FNDA:2,takeTicketToServed
FNDA:1,getServiceByCounterId
FNDA:1,getServiceWithMaxEstimatedTime
FNDA:2,getNextCustomerTicket
FNDA:1,getServedTickets
FNDA:1,getLatestServedTicketsByCounter
DA:1,1
DA:2,1
DA:3,1
DA:4,1
DA:5,1
DA:6,1
DA:7,1
DA:8,1
DA:9,1
DA:10,1
DA:11,1
DA:12,1
DA:13,1
DA:14,1
DA:15,0
DA:16,0
DA:17,1
DA:18,1
DA:19,1
DA:20,1
DA:21,1
DA:22,1
DA:23,1
DA:24,1
DA:25,0
DA:26,0
DA:27,1
DA:28,1
DA:29,1
DA:30,1
DA:31,1
DA:32,1
DA:33,1
DA:34,1
DA:35,1
DA:36,1
DA:37,1
DA:38,1
DA:39,1
DA:40,1
DA:41,1
DA:42,1
DA:43,1
DA:44,0
DA:45,0
DA:46,1
DA:47,1
DA:48,1
DA:49,1
DA:50,2
DA:51,2
DA:52,2
DA:53,2
DA:54,2
DA:55,2
DA:56,2
DA:57,2
DA:58,2
DA:59,1
DA:60,1
DA:61,1
DA:62,1
DA:63,1
DA:64,1
DA:65,1
DA:66,1
DA:67,2
DA:68,0
DA:69,0
DA:70,2
DA:71,1
DA:72,1
DA:73,1
DA:74,1
DA:75,1
DA:76,1
DA:77,1
DA:78,1
DA:79,1
DA:80,1
DA:81,1
DA:82,0
DA:83,0
DA:84,1
DA:85,1
DA:86,1
DA:87,1
DA:88,1
DA:89,1
DA:90,1
DA:91,0
DA:92,0
DA:93,1
DA:94,1
DA:95,1
DA:96,1
DA:97,1
DA:98,1
DA:99,1
DA:100,1
DA:101,1
DA:102,1
DA:103,1
DA:104,1
DA:105,1
DA:106,1
DA:107,1
DA:108,1
DA:109,1
DA:110,1
DA:111,1
DA:112,1
DA:113,1
DA:114,1
DA:115,1
DA:116,1
DA:117,0
DA:118,0
DA:119,0
DA:120,1
DA:121,1
DA:122,0
DA:123,0
DA:124,1
DA:125,1
DA:126,1
DA:127,1
DA:128,2
DA:129,2
DA:130,2
DA:131,2
DA:132,2
DA:133,2
DA:134,2
DA:135,2
DA:136,2
DA:137,2
DA:138,0
DA:139,0
DA:140,2
DA:141,1
DA:142,1
DA:143,1
DA:144,1
DA:145,1
DA:146,1
DA:147,1
DA:148,1
DA:149,1
DA:150,0
DA:151,0
DA:152,1
DA:153,1
DA:154,1
DA:155,1
DA:156,1
DA:157,1
DA:158,1
DA:159,1
DA:160,1
DA:161,1
DA:162,1
DA:163,1
DA:164,1
DA:165,1
DA:166,1
DA:167,1
DA:168,1
DA:169,1
DA:170,1
DA:171,1
DA:172,1
DA:173,1
DA:174,1
DA:175,1
DA:176,0
DA:177,0
DA:178,1
DA:179,1
DA:180,1
DA:181,1
LF:181
LH:158
BRDA:10,0,0,1
BRDA:14,1,0,0
BRDA:20,2,0,1
BRDA:24,3,0,0
BRDA:29,4,0,1
BRDA:43,5,0,0
BRDA:49,6,0,2
BRDA:58,7,0,1
BRDA:67,8,0,0
BRDA:73,9,0,1
BRDA:81,10,0,0
BRDA:87,11,0,1
BRDA:90,12,0,0
BRDA:116,13,0,0
BRDA:121,14,0,0
BRDA:93,15,0,1
BRDA:127,16,0,2
BRDA:137,17,0,0
BRDA:142,18,0,1
BRDA:149,19,0,0
BRDA:154,20,0,1
BRDA:175,21,0,0
BRF:22
BRH:11
end_of_record
